[debug] [2024-12-25T13:35:40.334Z] ----------------------------------------------------------------------
[debug] [2024-12-25T13:35:40.337Z] Command:       C:\Program Files\nodejs\node.exe C:\Users\Ahmed_Elshenawy\AppData\Roaming\npm\node_modules\firebase-tools\lib\bin\firebase.js init
[debug] [2024-12-25T13:35:40.338Z] CLI Version:   13.29.1
[debug] [2024-12-25T13:35:40.338Z] Platform:      win32
[debug] [2024-12-25T13:35:40.338Z] Node Version:  v20.15.1
[debug] [2024-12-25T13:35:40.338Z] Time:          Wed Dec 25 2024 15:35:40 GMT+0200 (Eastern European Standard Time)
[debug] [2024-12-25T13:35:40.338Z] ----------------------------------------------------------------------
[debug] 
[debug] [2024-12-25T13:35:40.345Z] > command requires scopes: ["email","openid","https://www.googleapis.com/auth/cloudplatformprojects.readonly","https://www.googleapis.com/auth/firebase","https://www.googleapis.com/auth/cloud-platform"]
[debug] [2024-12-25T13:35:40.345Z] > authorizing via signed-in user (elshenawy1ahmed@gmail.com)
[info] 
     ######## #### ########  ######## ########     ###     ######  ########
     ##        ##  ##     ## ##       ##     ##  ##   ##  ##       ##
     ######    ##  ########  ######   ########  #########  ######  ######
     ##        ##  ##    ##  ##       ##     ## ##     ##       ## ##
     ##       #### ##     ## ######## ########  ##     ##  ######  ########

You're about to initialize a Firebase project in this directory:

  D:\WORK\RAYA\RAYA.MVMASTER\RayaPortal\Client

[info] 
=== Project Setup
[info] 
[info] First, let's associate this project directory with a Firebase project.
[info] You can create multiple project aliases by running firebase use --add, 
[info] but for now we'll just set up a default project.
[info] 
[debug] [2024-12-25T13:36:00.584Z] Checked if tokens are valid: true, expires at: 1735137177051
[debug] [2024-12-25T13:36:00.586Z] Checked if tokens are valid: true, expires at: 1735137177051
[debug] [2024-12-25T13:36:00.591Z] >>> [apiv2][query] GET https://firebase.googleapis.com/v1beta1/projects pageSize=100
[debug] [2024-12-25T13:36:01.433Z] <<< [apiv2][status] GET https://firebase.googleapis.com/v1beta1/projects 200
[debug] [2024-12-25T13:36:01.433Z] <<< [apiv2][body] GET https://firebase.googleapis.com/v1beta1/projects [omitted]
